{"name": "test_sub[range_right_error]", "status": "failed", "statusDetails": {"message": "AssertionError: 计算结果大于区间\nassert (10.09 >= 5 and 10.09 <= 10)", "trace": "self = <test_task_two.TestTaskTwo object at 0x00000267B50A5148>, a = 10.1, b = 0.01, range_left = 5, range_right = 10\n\n    @allure.story(\"减法运算用例\")\n    @pytest.mark.run(order=3)\n    @pytest.mark.usefixtures(\"setup_teardown\")\n    @pytest.mark.parametrize(\"a,b,range_left,range_right\", get_yaml_data(key=\"sub\"), ids=get_yaml_data(key=\"ids\"))\n    def test_sub(self,a,b,range_left,range_right):\n        r = Calculator.sub(a, b)\n        if isinstance(r, float):\n            r = round(r, 2)\n        with allure.step(\"断言\"):\n>           assert (r >= range_left and r <= range_right), \"计算结果小于区间\" if r < range_left else \"计算结果大于区间\" if r > range_left else r\nE           AssertionError: 计算结果大于区间\nE           assert (10.09 >= 5 and 10.09 <= 10)\n\ntest_pytest\\test_pytest_task_two\\test_task_two.py:35: AssertionError"}, "steps": [{"name": "断言", "status": "failed", "statusDetails": {"message": "AssertionError: 计算结果大于区间\nassert (10.09 >= 5 and 10.09 <= 10)\n", "trace": "  File \"C:\\Users\\余伟豪\\Desktop\\PythonDemo\\test_pytest\\test_pytest_task_two\\test_task_two.py\", line 35, in test_sub\n    assert (r >= range_left and r <= range_right), \"计算结果小于区间\" if r < range_left else \"计算结果大于区间\" if r > range_left else r\n"}, "start": 1611106741515, "stop": 1611106741515}], "parameters": [{"name": "a", "value": "10.1"}, {"name": "b", "value": "0.01"}, {"name": "range_left", "value": "5"}, {"name": "range_right", "value": "10"}], "start": 1611106741515, "stop": 1611106741515, "uuid": "9a9fd838-2776-4a52-8767-3f2e79fb44ae", "historyId": "9d65a2da10c73e9a31e6198431368476", "testCaseId": "315add14a631969d752433c379387e06", "fullName": "test_pytest.test_pytest_task_two.test_task_two.TestTaskTwo#test_sub", "labels": [{"name": "feature", "value": "作业二"}, {"name": "story", "value": "减法运算用例"}, {"name": "tag", "value": "@pytest.mark.usefixtures('setup_teardown')"}, {"name": "tag", "value": "run(order=3)"}, {"name": "parentSuite", "value": "test_pytest.test_pytest_task_two"}, {"name": "suite", "value": "test_task_two"}, {"name": "subSuite", "value": "TestTaskTwo"}, {"name": "host", "value": "DESKTOP-939OH2V"}, {"name": "thread", "value": "5412-MainThread"}, {"name": "framework", "value": "pytest"}, {"name": "language", "value": "cpython3"}, {"name": "package", "value": "test_pytest.test_pytest_task_two.test_task_two"}]}