{"name": "test_multiplication[range_left_error]", "status": "failed", "statusDetails": {"message": "AssertionError: 计算结果小于区间\nassert (4.9 >= 5)", "trace": "self = <test_task_two.TestTaskTwo object at 0x0000029AE2204208>, a = 1, b = 4.9, range_left = 5, range_right = 10, setup_teardown = None\n\n    @allure.story(\"乘法运算用例\")\n    @pytest.mark.run(order=4)\n    # @pytest.mark.usefixtures(\"setup_teardown\")\n    @pytest.mark.parametrize(\"a,b,range_left,range_right\", get_yaml_data(key=\"multiplication\"), ids=get_yaml_data(key=\"ids\"))\n    def test_multiplication(self,a,b,range_left,range_right,setup_teardown):\n        r = Calculator.multiplication(a, b)\n        if isinstance(r, float):\n            r = round(r, 2)\n        with allure.step(\"断言\"):\n>           assert (r >= range_left and r <= range_right), \"计算结果小于区间\" if r < range_left else \"计算结果大于区间\" if r > range_left else r\nE           AssertionError: 计算结果小于区间\nE           assert (4.9 >= 5)\n\ntest_pytest\\test_pytest_task_two\\test_task_two.py:47: AssertionError"}, "steps": [{"name": "断言", "status": "failed", "statusDetails": {"message": "AssertionError: 计算结果小于区间\nassert (4.9 >= 5)\n", "trace": "  File \"C:\\Users\\余伟豪\\Desktop\\PythonDemo\\test_pytest\\test_pytest_task_two\\test_task_two.py\", line 47, in test_multiplication\n    assert (r >= range_left and r <= range_right), \"计算结果小于区间\" if r < range_left else \"计算结果大于区间\" if r > range_left else r\n"}, "start": 1611106819931, "stop": 1611106819931}], "parameters": [{"name": "a", "value": "1"}, {"name": "b", "value": "4.9"}, {"name": "range_left", "value": "5"}, {"name": "range_right", "value": "10"}], "start": 1611106819931, "stop": 1611106819931, "uuid": "b400cf0b-80b1-4147-aff0-917250d3bb6e", "historyId": "1fc90d27d757f97ce46a66f561e963d3", "testCaseId": "700577bcbe0e9018f6e646d793b16777", "fullName": "test_pytest.test_pytest_task_two.test_task_two.TestTaskTwo#test_multiplication", "labels": [{"name": "story", "value": "乘法运算用例"}, {"name": "feature", "value": "作业二"}, {"name": "tag", "value": "run(order=4)"}, {"name": "parentSuite", "value": "test_pytest.test_pytest_task_two"}, {"name": "suite", "value": "test_task_two"}, {"name": "subSuite", "value": "TestTaskTwo"}, {"name": "host", "value": "DESKTOP-939OH2V"}, {"name": "thread", "value": "6820-MainThread"}, {"name": "framework", "value": "pytest"}, {"name": "language", "value": "cpython3"}, {"name": "package", "value": "test_pytest.test_pytest_task_two.test_task_two"}]}